<?xml version="1.0" encoding="UTF-8"?>
<!-- Generated by org.testng.reporters.JUnitXMLReporter -->
<testsuite ignored="25" hostname="LAPTOP-OGN6361N" failures="0" tests="1" name="Surefire test" time="33.174" errors="0" timestamp="2026-07-28T02:17:38 PST">
  <testcase classname="regression.AutomationExerciseTestCases" name="tc_19_ViewAndCartBrandProducts" time="9.32"/>
  <testcase classname="regression.AutomationExerciseTestCases" name="tc_07_VerifyTestCasesPage" time="0.0">
    <ignored/>
  </testcase> <!-- tc_07_VerifyTestCasesPage -->
  <testcase classname="regression.AutomationExerciseTestCases" name="tc_05_RegisterUserWithExistingEmail" time="0.0">
    <ignored/>
  </testcase> <!-- tc_05_RegisterUserWithExistingEmail -->
  <testcase classname="regression.AutomationExerciseTestCases" name="tc_26_VerifyScrollUpWithoutArrowButton" time="0.0">
    <ignored/>
  </testcase> <!-- tc_26_VerifyScrollUpWithoutArrowButton -->
  <testcase classname="regression.AutomationExerciseTestCases" name="tc_01_RegisterUser" time="0.0">
    <ignored/>
  </testcase> <!-- tc_01_RegisterUser -->
  <testcase classname="regression.AutomationExerciseTestCases" name="tc_15_PlaceOrderRegisterBeforeCheckout" time="0.0">
    <ignored/>
  </testcase> <!-- tc_15_PlaceOrderRegisterBeforeCheckout -->
  <testcase classname="regression.AutomationExerciseTestCases" name="tc_08_VerifyAllProductsAndProductDetailPage" time="0.0">
    <ignored/>
  </testcase> <!-- tc_08_VerifyAllProductsAndProductDetailPage -->
  <testcase classname="regression.AutomationExerciseTestCases" name="tc_12_AddProductsInCart" time="0.0">
    <ignored/>
  </testcase> <!-- tc_12_AddProductsInCart -->
  <testcase classname="regression.AutomationExerciseTestCases" name="tc_24_DownloadInvoiceAfterPurchaseOrder" time="0.0">
    <ignored/>
  </testcase> <!-- tc_24_DownloadInvoiceAfterPurchaseOrder -->
  <testcase classname="regression.AutomationExerciseTestCases" name="tc_11_VerifySubscriptionInCartPage" time="0.0">
    <ignored/>
  </testcase> <!-- tc_11_VerifySubscriptionInCartPage -->
  <testcase classname="regression.AutomationExerciseTestCases" name="tc_04_LogoutUser" time="0.0">
    <ignored/>
  </testcase> <!-- tc_04_LogoutUser -->
  <testcase classname="regression.AutomationExerciseTestCases" name="tc_02_LoginUserWithCorrectEmailAndPassword" time="0.0">
    <ignored/>
  </testcase> <!-- tc_02_LoginUserWithCorrectEmailAndPassword -->
  <testcase classname="regression.AutomationExerciseTestCases" name="tc_20_SearchProductsAndVerifyCartAfterLogin" time="0.0">
    <ignored/>
  </testcase> <!-- tc_20_SearchProductsAndVerifyCartAfterLogin -->
  <testcase classname="regression.AutomationExerciseTestCases" name="tc_17_RemoveProductsFromCart" time="0.0">
    <ignored/>
  </testcase> <!-- tc_17_RemoveProductsFromCart -->
  <testcase classname="regression.AutomationExerciseTestCases" name="tc_22_AddToCartFromRecommendedItems" time="0.0">
    <ignored/>
  </testcase> <!-- tc_22_AddToCartFromRecommendedItems -->
  <testcase classname="regression.AutomationExerciseTestCases" name="tc_25_VerifyScrollUpUsingArrowButton" time="0.0">
    <ignored/>
  </testcase> <!-- tc_25_VerifyScrollUpUsingArrowButton -->
  <testcase classname="regression.AutomationExerciseTestCases" name="tc_03_LoginUserWithIncorrectEmailAndPassword" time="0.0">
    <ignored/>
  </testcase> <!-- tc_03_LoginUserWithIncorrectEmailAndPassword -->
  <testcase classname="regression.AutomationExerciseTestCases" name="tc_14_PlaceOrderRegisterWhileCheckout" time="0.0">
    <ignored/>
  </testcase> <!-- tc_14_PlaceOrderRegisterWhileCheckout -->
  <testcase classname="regression.AutomationExerciseTestCases" name="tc_09_SearchProduct" time="0.0">
    <ignored/>
  </testcase> <!-- tc_09_SearchProduct -->
  <testcase classname="regression.AutomationExerciseTestCases" name="tc_21_AddReviewOnProduct" time="0.0">
    <ignored/>
  </testcase> <!-- tc_21_AddReviewOnProduct -->
  <testcase classname="regression.AutomationExerciseTestCases" name="tc_10_VerifySubscriptionInHomePage" time="0.0">
    <ignored/>
  </testcase> <!-- tc_10_VerifySubscriptionInHomePage -->
  <testcase classname="regression.AutomationExerciseTestCases" name="tc_13_VerifyProductQuantityInCart" time="0.0">
    <ignored/>
  </testcase> <!-- tc_13_VerifyProductQuantityInCart -->
  <testcase classname="regression.AutomationExerciseTestCases" name="tc_16_PlaceOrderLoginBeforeCheckout" time="0.0">
    <ignored/>
  </testcase> <!-- tc_16_PlaceOrderLoginBeforeCheckout -->
  <testcase classname="regression.AutomationExerciseTestCases" name="tc_06_ContactUsForm" time="0.0">
    <ignored/>
  </testcase> <!-- tc_06_ContactUsForm -->
  <testcase classname="regression.AutomationExerciseTestCases" name="tc_23_VerifyAddressDetailsInCheckoutPage" time="0.0">
    <ignored/>
  </testcase> <!-- tc_23_VerifyAddressDetailsInCheckoutPage -->
  <testcase classname="regression.AutomationExerciseTestCases" name="tc_18_ViewCategoryProducts" time="0.0">
    <ignored/>
  </testcase> <!-- tc_18_ViewCategoryProducts -->
</testsuite> <!-- Surefire test -->
