<?xml version="1.0" encoding="UTF-8"?>
<testng-results ignored="25" total="26" passed="1" failed="0" skipped="0">
  <reporter-output>
  </reporter-output>
  <suite started-at="2026-07-28T02:17:05 PST" name="Surefire suite" finished-at="2026-07-28T02:17:38 PST" duration-ms="33174">
    <groups>
    </groups>
    <test started-at="2026-07-28T02:17:05 PST" name="Surefire test" finished-at="2026-07-28T02:17:38 PST" duration-ms="33174">
      <class name="regression.AutomationExerciseTestCases">
        <test-method is-config="true" signature="prepareReport(java.lang.String)[pri:0, instance:regression.AutomationExerciseTestCases@7a69b07]" started-at="2026-07-28T02:17:05 PST" name="prepareReport" finished-at="2026-07-28T02:17:05 PST" duration-ms="115" status="PASS">
          <params>
            <param index="0">
              <value>
                <![CDATA[chrome]]>
              </value>
            </param>
          </params>
          <reporter-output>
          </reporter-output>
        </test-method> <!-- prepareReport -->
        <test-method is-config="true" signature="setup(java.lang.reflect.Method)[pri:0, instance:regression.AutomationExerciseTestCases@7a69b07]" started-at="2026-07-28T02:17:05 PST" name="setup" finished-at="2026-07-28T02:17:28 PST" duration-ms="23327" status="PASS">
          <params>
            <param index="0">
              <value>
                <![CDATA[public void regression.AutomationExerciseTestCases.tc_19_ViewAndCartBrandProducts()]]>
              </value>
            </param>
          </params>
          <reporter-output>
          </reporter-output>
        </test-method> <!-- setup -->
        <test-method signature="tc_19_ViewAndCartBrandProducts()[pri:19, instance:regression.AutomationExerciseTestCases@7a69b07]" started-at="2026-07-28T02:17:28 PST" name="tc_19_ViewAndCartBrandProducts" description="Test Case 19: View &amp; Cart Brand Products" finished-at="2026-07-28T02:17:37 PST" duration-ms="9320" status="PASS">
          <reporter-output>
          </reporter-output>
        </test-method> <!-- tc_19_ViewAndCartBrandProducts -->
        <test-method is-config="true" signature="afterMethod(org.testng.ITestResult)[pri:0, instance:regression.AutomationExerciseTestCases@7a69b07]" started-at="2026-07-28T02:17:37 PST" name="afterMethod" finished-at="2026-07-28T02:17:38 PST" duration-ms="389" status="PASS">
          <params>
            <param index="0">
              <value>
                <![CDATA[[TestResult name=tc_19_ViewAndCartBrandProducts status=SUCCESS method=AutomationExerciseTestCases.tc_19_ViewAndCartBrandProducts()[pri:19, instance:regression.AutomationExerciseTestCases@7a69b07] output={null}]]]>
              </value>
            </param>
          </params>
          <reporter-output>
          </reporter-output>
        </test-method> <!-- afterMethod -->
        <test-method is-config="true" signature="afterTest()[pri:0, instance:regression.AutomationExerciseTestCases@7a69b07]" started-at="2026-07-28T02:17:38 PST" name="afterTest" finished-at="2026-07-28T02:17:38 PST" duration-ms="4" status="PASS">
          <reporter-output>
          </reporter-output>
        </test-method> <!-- afterTest -->
      </class> <!-- regression.AutomationExerciseTestCases -->
    </test> <!-- Surefire test -->
  </suite> <!-- Surefire suite -->
</testng-results>
