<?xml version="1.0" encoding="UTF-8"?>
<testsuite xmlns:xsi="http://www.w3.org/2001/XMLSchema-instance" xsi:noNamespaceSchemaLocation="https://maven.apache.org/surefire/maven-surefire-plugin/xsd/surefire-test-report.xsd" version="3.0.1" name="TestSuite" time="2402.088" tests="26" errors="0" skipped="0" failures="0">
  <properties>
[...]
</properties>
  <testcase name="tc_01_RegisterUser" classname="regression.AutomationExerciseTestCases" time="130.343">
    <system-err><![CDATA[SLF4J: Failed to load class "org.slf4j.impl.StaticLoggerBinder".
SLF4J: Defaulting to no-operation (NOP) logger implementation
SLF4J: See http://www.slf4j.org/codes.html#StaticLoggerBinder for further details.
Jul 28, 2026 1:21:13 AM org.openqa.selenium.devtools.CdpVersionFinder findNearestMatch
WARNING: Unable to find CDP implementation matching 150
Jul 28, 2026 1:21:13 AM org.openqa.selenium.chromium.ChromiumDriver lambda$new$5
WARNING: Unable to find version of CDP to use for 150.0.7871.182. You may need to include a dependency on a specific version of the CDP using something similar to `org.seleniumhq.selenium:selenium-devtools-v86:4.25.0` where the version ("v86") matches the version of the chromium-based browser you're using and the version number of the artifact is the same as Selenium's.
]]></system-err>
  </testcase>
  <testcase name="tc_02_LoginUserWithCorrectEmailAndPassword" classname="regression.AutomationExerciseTestCases" time="140.744">
    <system-out><![CDATA[Capturing screenshot for test: tc_01_RegisterUser
Screenshot saved to: C:\Users\AcerPredator\Downloads\automation-exercise-framework (11)\automation-exercise-framework\Reports\REGRESSION_CHROME\img-src\tc_01_RegisterUser_2026_07_28__01_23_47_052.png
]]></system-out>
    <system-err><![CDATA[Jul 28, 2026 1:23:47 AM org.openqa.selenium.devtools.CdpVersionFinder findNearestMatch
WARNING: Unable to find CDP implementation matching 150
Jul 28, 2026 1:23:47 AM org.openqa.selenium.chromium.ChromiumDriver lambda$new$5
WARNING: Unable to find version of CDP to use for 150.0.7871.182. You may need to include a dependency on a specific version of the CDP using something similar to `org.seleniumhq.selenium:selenium-devtools-v86:4.25.0` where the version ("v86") matches the version of the chromium-based browser you're using and the version number of the artifact is the same as Selenium's.
]]></system-err>
  </testcase>
  <testcase name="tc_03_LoginUserWithIncorrectEmailAndPassword" classname="regression.AutomationExerciseTestCases" time="23.338">
    <system-out><![CDATA[Capturing screenshot for test: tc_02_LoginUserWithCorrectEmailAndPassword
Screenshot saved to: C:\Users\AcerPredator\Downloads\automation-exercise-framework (11)\automation-exercise-framework\Reports\REGRESSION_CHROME\img-src\tc_02_LoginUserWithCorrectEmailAndPassword_2026_07_28__01_26_31_150.png
]]></system-out>
    <system-err><![CDATA[Jul 28, 2026 1:26:31 AM org.openqa.selenium.devtools.CdpVersionFinder findNearestMatch
WARNING: Unable to find CDP implementation matching 150
Jul 28, 2026 1:26:31 AM org.openqa.selenium.chromium.ChromiumDriver lambda$new$5
WARNING: Unable to find version of CDP to use for 150.0.7871.182. You may need to include a dependency on a specific version of the CDP using something similar to `org.seleniumhq.selenium:selenium-devtools-v86:4.25.0` where the version ("v86") matches the version of the chromium-based browser you're using and the version number of the artifact is the same as Selenium's.
]]></system-err>
  </testcase>
  <testcase name="tc_04_LogoutUser" classname="regression.AutomationExerciseTestCases" time="157.701">
    <system-out><![CDATA[Capturing screenshot for test: tc_03_LoginUserWithIncorrectEmailAndPassword
Screenshot saved to: C:\Users\AcerPredator\Downloads\automation-exercise-framework (11)\automation-exercise-framework\Reports\REGRESSION_CHROME\img-src\tc_03_LoginUserWithIncorrectEmailAndPassword_2026_07_28__01_27_17_472.png
]]></system-out>
    <system-err><![CDATA[Jul 28, 2026 1:27:18 AM org.openqa.selenium.devtools.CdpVersionFinder findNearestMatch
WARNING: Unable to find CDP implementation matching 150
Jul 28, 2026 1:27:18 AM org.openqa.selenium.chromium.ChromiumDriver lambda$new$5
WARNING: Unable to find version of CDP to use for 150.0.7871.182. You may need to include a dependency on a specific version of the CDP using something similar to `org.seleniumhq.selenium:selenium-devtools-v86:4.25.0` where the version ("v86") matches the version of the chromium-based browser you're using and the version number of the artifact is the same as Selenium's.
]]></system-err>
  </testcase>
  <testcase name="tc_05_RegisterUserWithExistingEmail" classname="regression.AutomationExerciseTestCases" time="121.215">
    <system-out><![CDATA[Capturing screenshot for test: tc_04_LogoutUser
Screenshot saved to: C:\Users\AcerPredator\Downloads\automation-exercise-framework (11)\automation-exercise-framework\Reports\REGRESSION_CHROME\img-src\tc_04_LogoutUser_2026_07_28__01_30_18_033.png
]]></system-out>
    <system-err><![CDATA[Jul 28, 2026 1:30:20 AM org.openqa.selenium.devtools.CdpVersionFinder findNearestMatch
WARNING: Unable to find CDP implementation matching 150
Jul 28, 2026 1:30:20 AM org.openqa.selenium.chromium.ChromiumDriver lambda$new$5
WARNING: Unable to find version of CDP to use for 150.0.7871.182. You may need to include a dependency on a specific version of the CDP using something similar to `org.seleniumhq.selenium:selenium-devtools-v86:4.25.0` where the version ("v86") matches the version of the chromium-based browser you're using and the version number of the artifact is the same as Selenium's.
]]></system-err>
  </testcase>
  <testcase name="tc_06_ContactUsForm" classname="regression.AutomationExerciseTestCases" time="44.853">
    <system-out><![CDATA[Capturing screenshot for test: tc_05_RegisterUserWithExistingEmail
Screenshot saved to: C:\Users\AcerPredator\Downloads\automation-exercise-framework (11)\automation-exercise-framework\Reports\REGRESSION_CHROME\img-src\tc_05_RegisterUserWithExistingEmail_2026_07_28__01_32_44_251.png
Alert accepted.
]]></system-out>
    <system-err><![CDATA[Jul 28, 2026 1:32:45 AM org.openqa.selenium.devtools.CdpVersionFinder findNearestMatch
WARNING: Unable to find CDP implementation matching 150
Jul 28, 2026 1:32:45 AM org.openqa.selenium.chromium.ChromiumDriver lambda$new$5
WARNING: Unable to find version of CDP to use for 150.0.7871.182. You may need to include a dependency on a specific version of the CDP using something similar to `org.seleniumhq.selenium:selenium-devtools-v86:4.25.0` where the version ("v86") matches the version of the chromium-based browser you're using and the version number of the artifact is the same as Selenium's.
]]></system-err>
  </testcase>
  <testcase name="tc_07_VerifyTestCasesPage" classname="regression.AutomationExerciseTestCases" time="22.227">
    <system-out><![CDATA[Capturing screenshot for test: tc_06_ContactUsForm
Screenshot saved to: C:\Users\AcerPredator\Downloads\automation-exercise-framework (11)\automation-exercise-framework\Reports\REGRESSION_CHROME\img-src\tc_06_ContactUsForm_2026_07_28__01_33_52_041.png
]]></system-out>
    <system-err><![CDATA[Jul 28, 2026 1:33:52 AM org.openqa.selenium.devtools.CdpVersionFinder findNearestMatch
WARNING: Unable to find CDP implementation matching 150
Jul 28, 2026 1:33:52 AM org.openqa.selenium.chromium.ChromiumDriver lambda$new$5
WARNING: Unable to find version of CDP to use for 150.0.7871.182. You may need to include a dependency on a specific version of the CDP using something similar to `org.seleniumhq.selenium:selenium-devtools-v86:4.25.0` where the version ("v86") matches the version of the chromium-based browser you're using and the version number of the artifact is the same as Selenium's.
]]></system-err>
  </testcase>
  <testcase name="tc_08_VerifyAllProductsAndProductDetailPage" classname="regression.AutomationExerciseTestCases" time="47.892">
    <system-out><![CDATA[Capturing screenshot for test: tc_07_VerifyTestCasesPage
Screenshot saved to: C:\Users\AcerPredator\Downloads\automation-exercise-framework (11)\automation-exercise-framework\Reports\REGRESSION_CHROME\img-src\tc_07_VerifyTestCasesPage_2026_07_28__01_34_37_162.png
]]></system-out>
    <system-err><![CDATA[Jul 28, 2026 1:34:37 AM org.openqa.selenium.devtools.CdpVersionFinder findNearestMatch
WARNING: Unable to find CDP implementation matching 150
Jul 28, 2026 1:34:37 AM org.openqa.selenium.chromium.ChromiumDriver lambda$new$5
WARNING: Unable to find version of CDP to use for 150.0.7871.182. You may need to include a dependency on a specific version of the CDP using something similar to `org.seleniumhq.selenium:selenium-devtools-v86:4.25.0` where the version ("v86") matches the version of the chromium-based browser you're using and the version number of the artifact is the same as Selenium's.
]]></system-err>
  </testcase>
  <testcase name="tc_09_SearchProduct" classname="regression.AutomationExerciseTestCases" time="24.538">
    <system-out><![CDATA[Capturing screenshot for test: tc_08_VerifyAllProductsAndProductDetailPage
Screenshot saved to: C:\Users\AcerPredator\Downloads\automation-exercise-framework (11)\automation-exercise-framework\Reports\REGRESSION_CHROME\img-src\tc_08_VerifyAllProductsAndProductDetailPage_2026_07_28__01_35_47_954.png
]]></system-out>
    <system-err><![CDATA[Jul 28, 2026 1:35:48 AM org.openqa.selenium.devtools.CdpVersionFinder findNearestMatch
WARNING: Unable to find CDP implementation matching 150
Jul 28, 2026 1:35:48 AM org.openqa.selenium.chromium.ChromiumDriver lambda$new$5
WARNING: Unable to find version of CDP to use for 150.0.7871.182. You may need to include a dependency on a specific version of the CDP using something similar to `org.seleniumhq.selenium:selenium-devtools-v86:4.25.0` where the version ("v86") matches the version of the chromium-based browser you're using and the version number of the artifact is the same as Selenium's.
]]></system-err>
  </testcase>
  <testcase name="tc_10_VerifySubscriptionInHomePage" classname="regression.AutomationExerciseTestCases" time="20.344">
    <system-out><![CDATA[Capturing screenshot for test: tc_09_SearchProduct
Screenshot saved to: C:\Users\AcerPredator\Downloads\automation-exercise-framework (11)\automation-exercise-framework\Reports\REGRESSION_CHROME\img-src\tc_09_SearchProduct_2026_07_28__01_36_35_376.png
]]></system-out>
    <system-err><![CDATA[Jul 28, 2026 1:36:36 AM org.openqa.selenium.devtools.CdpVersionFinder findNearestMatch
WARNING: Unable to find CDP implementation matching 150
Jul 28, 2026 1:36:36 AM org.openqa.selenium.chromium.ChromiumDriver lambda$new$5
WARNING: Unable to find version of CDP to use for 150.0.7871.182. You may need to include a dependency on a specific version of the CDP using something similar to `org.seleniumhq.selenium:selenium-devtools-v86:4.25.0` where the version ("v86") matches the version of the chromium-based browser you're using and the version number of the artifact is the same as Selenium's.
]]></system-err>
  </testcase>
  <testcase name="tc_11_VerifySubscriptionInCartPage" classname="regression.AutomationExerciseTestCases" time="22.234">
    <system-out><![CDATA[Capturing screenshot for test: tc_10_VerifySubscriptionInHomePage
Screenshot saved to: C:\Users\AcerPredator\Downloads\automation-exercise-framework (11)\automation-exercise-framework\Reports\REGRESSION_CHROME\img-src\tc_10_VerifySubscriptionInHomePage_2026_07_28__01_37_18_687.png
]]></system-out>
    <system-err><![CDATA[Jul 28, 2026 1:37:19 AM org.openqa.selenium.devtools.CdpVersionFinder findNearestMatch
WARNING: Unable to find CDP implementation matching 150
Jul 28, 2026 1:37:19 AM org.openqa.selenium.chromium.ChromiumDriver lambda$new$5
WARNING: Unable to find version of CDP to use for 150.0.7871.182. You may need to include a dependency on a specific version of the CDP using something similar to `org.seleniumhq.selenium:selenium-devtools-v86:4.25.0` where the version ("v86") matches the version of the chromium-based browser you're using and the version number of the artifact is the same as Selenium's.
]]></system-err>
  </testcase>
  <testcase name="tc_12_AddProductsInCart" classname="regression.AutomationExerciseTestCases" time="29.641">
    <system-out><![CDATA[Capturing screenshot for test: tc_11_VerifySubscriptionInCartPage
Screenshot saved to: C:\Users\AcerPredator\Downloads\automation-exercise-framework (11)\automation-exercise-framework\Reports\REGRESSION_CHROME\img-src\tc_11_VerifySubscriptionInCartPage_2026_07_28__01_38_03_834.png
]]></system-out>
    <system-err><![CDATA[Jul 28, 2026 1:38:04 AM org.openqa.selenium.devtools.CdpVersionFinder findNearestMatch
WARNING: Unable to find CDP implementation matching 150
Jul 28, 2026 1:38:04 AM org.openqa.selenium.chromium.ChromiumDriver lambda$new$5
WARNING: Unable to find version of CDP to use for 150.0.7871.182. You may need to include a dependency on a specific version of the CDP using something similar to `org.seleniumhq.selenium:selenium-devtools-v86:4.25.0` where the version ("v86") matches the version of the chromium-based browser you're using and the version number of the artifact is the same as Selenium's.
]]></system-err>
  </testcase>
  <testcase name="tc_13_VerifyProductQuantityInCart" classname="regression.AutomationExerciseTestCases" time="44.015">
    <system-out><![CDATA[Capturing screenshot for test: tc_12_AddProductsInCart
Screenshot saved to: C:\Users\AcerPredator\Downloads\automation-exercise-framework (11)\automation-exercise-framework\Reports\REGRESSION_CHROME\img-src\tc_12_AddProductsInCart_2026_07_28__01_38_56_269.png
]]></system-out>
    <system-err><![CDATA[Jul 28, 2026 1:38:56 AM org.openqa.selenium.devtools.CdpVersionFinder findNearestMatch
WARNING: Unable to find CDP implementation matching 150
Jul 28, 2026 1:38:56 AM org.openqa.selenium.chromium.ChromiumDriver lambda$new$5
WARNING: Unable to find version of CDP to use for 150.0.7871.182. You may need to include a dependency on a specific version of the CDP using something similar to `org.seleniumhq.selenium:selenium-devtools-v86:4.25.0` where the version ("v86") matches the version of the chromium-based browser you're using and the version number of the artifact is the same as Selenium's.
]]></system-err>
  </testcase>
  <testcase name="tc_14_PlaceOrderRegisterWhileCheckout" classname="regression.AutomationExerciseTestCases" time="167.698">
    <system-out><![CDATA[Capturing screenshot for test: tc_13_VerifyProductQuantityInCart
Screenshot saved to: C:\Users\AcerPredator\Downloads\automation-exercise-framework (11)\automation-exercise-framework\Reports\REGRESSION_CHROME\img-src\tc_13_VerifyProductQuantityInCart_2026_07_28__01_40_03_255.png
]]></system-out>
    <system-err><![CDATA[Jul 28, 2026 1:40:03 AM org.openqa.selenium.devtools.CdpVersionFinder findNearestMatch
WARNING: Unable to find CDP implementation matching 150
Jul 28, 2026 1:40:03 AM org.openqa.selenium.chromium.ChromiumDriver lambda$new$5
WARNING: Unable to find version of CDP to use for 150.0.7871.182. You may need to include a dependency on a specific version of the CDP using something similar to `org.seleniumhq.selenium:selenium-devtools-v86:4.25.0` where the version ("v86") matches the version of the chromium-based browser you're using and the version number of the artifact is the same as Selenium's.
]]></system-err>
  </testcase>
  <testcase name="tc_15_PlaceOrderRegisterBeforeCheckout" classname="regression.AutomationExerciseTestCases" time="119.478">
    <system-out><![CDATA[Capturing screenshot for test: tc_14_PlaceOrderRegisterWhileCheckout
Screenshot saved to: C:\Users\AcerPredator\Downloads\automation-exercise-framework (11)\automation-exercise-framework\Reports\REGRESSION_CHROME\img-src\tc_14_PlaceOrderRegisterWhileCheckout_2026_07_28__01_43_13_866.png
]]></system-out>
    <system-err><![CDATA[Jul 28, 2026 1:43:14 AM org.openqa.selenium.devtools.CdpVersionFinder findNearestMatch
WARNING: Unable to find CDP implementation matching 150
Jul 28, 2026 1:43:14 AM org.openqa.selenium.chromium.ChromiumDriver lambda$new$5
WARNING: Unable to find version of CDP to use for 150.0.7871.182. You may need to include a dependency on a specific version of the CDP using something similar to `org.seleniumhq.selenium:selenium-devtools-v86:4.25.0` where the version ("v86") matches the version of the chromium-based browser you're using and the version number of the artifact is the same as Selenium's.
]]></system-err>
  </testcase>
  <testcase name="tc_16_PlaceOrderLoginBeforeCheckout" classname="regression.AutomationExerciseTestCases" time="162.667">
    <system-out><![CDATA[Capturing screenshot for test: tc_15_PlaceOrderRegisterBeforeCheckout
Screenshot saved to: C:\Users\AcerPredator\Downloads\automation-exercise-framework (11)\automation-exercise-framework\Reports\REGRESSION_CHROME\img-src\tc_15_PlaceOrderRegisterBeforeCheckout_2026_07_28__01_45_37_054.png
]]></system-out>
    <system-err><![CDATA[Jul 28, 2026 1:45:37 AM org.openqa.selenium.devtools.CdpVersionFinder findNearestMatch
WARNING: Unable to find CDP implementation matching 150
Jul 28, 2026 1:45:37 AM org.openqa.selenium.chromium.ChromiumDriver lambda$new$5
WARNING: Unable to find version of CDP to use for 150.0.7871.182. You may need to include a dependency on a specific version of the CDP using something similar to `org.seleniumhq.selenium:selenium-devtools-v86:4.25.0` where the version ("v86") matches the version of the chromium-based browser you're using and the version number of the artifact is the same as Selenium's.
]]></system-err>
  </testcase>
  <testcase name="tc_17_RemoveProductsFromCart" classname="regression.AutomationExerciseTestCases" time="24.632">
    <system-out><![CDATA[Capturing screenshot for test: tc_16_PlaceOrderLoginBeforeCheckout
Screenshot saved to: C:\Users\AcerPredator\Downloads\automation-exercise-framework (11)\automation-exercise-framework\Reports\REGRESSION_CHROME\img-src\tc_16_PlaceOrderLoginBeforeCheckout_2026_07_28__01_48_42_753.png
]]></system-out>
    <system-err><![CDATA[Jul 28, 2026 1:48:43 AM org.openqa.selenium.devtools.CdpVersionFinder findNearestMatch
WARNING: Unable to find CDP implementation matching 150
Jul 28, 2026 1:48:43 AM org.openqa.selenium.chromium.ChromiumDriver lambda$new$5
WARNING: Unable to find version of CDP to use for 150.0.7871.182. You may need to include a dependency on a specific version of the CDP using something similar to `org.seleniumhq.selenium:selenium-devtools-v86:4.25.0` where the version ("v86") matches the version of the chromium-based browser you're using and the version number of the artifact is the same as Selenium's.
]]></system-err>
  </testcase>
  <testcase name="tc_18_ViewCategoryProducts" classname="regression.AutomationExerciseTestCases" time="14.843">
    <system-out><![CDATA[Capturing screenshot for test: tc_17_RemoveProductsFromCart
Screenshot saved to: C:\Users\AcerPredator\Downloads\automation-exercise-framework (11)\automation-exercise-framework\Reports\REGRESSION_CHROME\img-src\tc_17_RemoveProductsFromCart_2026_07_28__01_49_30_668.png
]]></system-out>
    <system-err><![CDATA[Jul 28, 2026 1:49:31 AM org.openqa.selenium.devtools.CdpVersionFinder findNearestMatch
WARNING: Unable to find CDP implementation matching 150
Jul 28, 2026 1:49:31 AM org.openqa.selenium.chromium.ChromiumDriver lambda$new$5
WARNING: Unable to find version of CDP to use for 150.0.7871.182. You may need to include a dependency on a specific version of the CDP using something similar to `org.seleniumhq.selenium:selenium-devtools-v86:4.25.0` where the version ("v86") matches the version of the chromium-based browser you're using and the version number of the artifact is the same as Selenium's.
]]></system-err>
  </testcase>
  <testcase name="tc_19_ViewAndCartBrandProducts" classname="regression.AutomationExerciseTestCases" time="6.55">
    <system-out><![CDATA[Capturing screenshot for test: tc_18_ViewCategoryProducts
Screenshot saved to: C:\Users\AcerPredator\Downloads\automation-exercise-framework (11)\automation-exercise-framework\Reports\REGRESSION_CHROME\img-src\tc_18_ViewCategoryProducts_2026_07_28__01_50_08_545.png
]]></system-out>
    <system-err><![CDATA[Jul 28, 2026 1:50:09 AM org.openqa.selenium.devtools.CdpVersionFinder findNearestMatch
WARNING: Unable to find CDP implementation matching 150
Jul 28, 2026 1:50:09 AM org.openqa.selenium.chromium.ChromiumDriver lambda$new$5
WARNING: Unable to find version of CDP to use for 150.0.7871.182. You may need to include a dependency on a specific version of the CDP using something similar to `org.seleniumhq.selenium:selenium-devtools-v86:4.25.0` where the version ("v86") matches the version of the chromium-based browser you're using and the version number of the artifact is the same as Selenium's.
]]></system-err>
  </testcase>
  <testcase name="tc_20_SearchProductsAndVerifyCartAfterLogin" classname="regression.AutomationExerciseTestCases" time="141.761">
    <system-out><![CDATA[Capturing screenshot for test: tc_19_ViewAndCartBrandProducts
Screenshot saved to: C:\Users\AcerPredator\Downloads\automation-exercise-framework (11)\automation-exercise-framework\Reports\REGRESSION_CHROME\img-src\tc_19_ViewAndCartBrandProducts_2026_07_28__01_50_38_005.png
]]></system-out>
    <system-err><![CDATA[Jul 28, 2026 1:50:38 AM org.openqa.selenium.devtools.CdpVersionFinder findNearestMatch
WARNING: Unable to find CDP implementation matching 150
Jul 28, 2026 1:50:38 AM org.openqa.selenium.chromium.ChromiumDriver lambda$new$5
WARNING: Unable to find version of CDP to use for 150.0.7871.182. You may need to include a dependency on a specific version of the CDP using something similar to `org.seleniumhq.selenium:selenium-devtools-v86:4.25.0` where the version ("v86") matches the version of the chromium-based browser you're using and the version number of the artifact is the same as Selenium's.
]]></system-err>
  </testcase>
  <testcase name="tc_21_AddReviewOnProduct" classname="regression.AutomationExerciseTestCases" time="8.452">
    <system-out><![CDATA[Capturing screenshot for test: tc_20_SearchProductsAndVerifyCartAfterLogin
Screenshot saved to: C:\Users\AcerPredator\Downloads\automation-exercise-framework (11)\automation-exercise-framework\Reports\REGRESSION_CHROME\img-src\tc_20_SearchProductsAndVerifyCartAfterLogin_2026_07_28__01_53_22_708.png
]]></system-out>
    <system-err><![CDATA[Jul 28, 2026 1:53:23 AM org.openqa.selenium.devtools.CdpVersionFinder findNearestMatch
WARNING: Unable to find CDP implementation matching 150
Jul 28, 2026 1:53:23 AM org.openqa.selenium.chromium.ChromiumDriver lambda$new$5
WARNING: Unable to find version of CDP to use for 150.0.7871.182. You may need to include a dependency on a specific version of the CDP using something similar to `org.seleniumhq.selenium:selenium-devtools-v86:4.25.0` where the version ("v86") matches the version of the chromium-based browser you're using and the version number of the artifact is the same as Selenium's.
]]></system-err>
  </testcase>
  <testcase name="tc_22_AddToCartFromRecommendedItems" classname="regression.AutomationExerciseTestCases" time="23.282">
    <system-out><![CDATA[Capturing screenshot for test: tc_21_AddReviewOnProduct
Screenshot saved to: C:\Users\AcerPredator\Downloads\automation-exercise-framework (11)\automation-exercise-framework\Reports\REGRESSION_CHROME\img-src\tc_21_AddReviewOnProduct_2026_07_28__01_53_53_488.png
]]></system-out>
    <system-err><![CDATA[Jul 28, 2026 1:53:54 AM org.openqa.selenium.devtools.CdpVersionFinder findNearestMatch
WARNING: Unable to find CDP implementation matching 150
Jul 28, 2026 1:53:54 AM org.openqa.selenium.chromium.ChromiumDriver lambda$new$5
WARNING: Unable to find version of CDP to use for 150.0.7871.182. You may need to include a dependency on a specific version of the CDP using something similar to `org.seleniumhq.selenium:selenium-devtools-v86:4.25.0` where the version ("v86") matches the version of the chromium-based browser you're using and the version number of the artifact is the same as Selenium's.
]]></system-err>
  </testcase>
  <testcase name="tc_23_VerifyAddressDetailsInCheckoutPage" classname="regression.AutomationExerciseTestCases" time="120.686">
    <system-out><![CDATA[Capturing screenshot for test: tc_22_AddToCartFromRecommendedItems
Screenshot saved to: C:\Users\AcerPredator\Downloads\automation-exercise-framework (11)\automation-exercise-framework\Reports\REGRESSION_CHROME\img-src\tc_22_AddToCartFromRecommendedItems_2026_07_28__01_54_39_750.png
]]></system-out>
    <system-err><![CDATA[Jul 28, 2026 1:54:40 AM org.openqa.selenium.devtools.CdpVersionFinder findNearestMatch
WARNING: Unable to find CDP implementation matching 150
Jul 28, 2026 1:54:40 AM org.openqa.selenium.chromium.ChromiumDriver lambda$new$5
WARNING: Unable to find version of CDP to use for 150.0.7871.182. You may need to include a dependency on a specific version of the CDP using something similar to `org.seleniumhq.selenium:selenium-devtools-v86:4.25.0` where the version ("v86") matches the version of the chromium-based browser you're using and the version number of the artifact is the same as Selenium's.
]]></system-err>
  </testcase>
  <testcase name="tc_24_DownloadInvoiceAfterPurchaseOrder" classname="regression.AutomationExerciseTestCases" time="141.732">
    <system-out><![CDATA[Capturing screenshot for test: tc_23_VerifyAddressDetailsInCheckoutPage
Screenshot saved to: C:\Users\AcerPredator\Downloads\automation-exercise-framework (11)\automation-exercise-framework\Reports\REGRESSION_CHROME\img-src\tc_23_VerifyAddressDetailsInCheckoutPage_2026_07_28__01_57_03_292.png
]]></system-out>
    <system-err><![CDATA[Jul 28, 2026 1:57:04 AM org.openqa.selenium.devtools.CdpVersionFinder findNearestMatch
WARNING: Unable to find CDP implementation matching 150
Jul 28, 2026 1:57:04 AM org.openqa.selenium.chromium.ChromiumDriver lambda$new$5
WARNING: Unable to find version of CDP to use for 150.0.7871.182. You may need to include a dependency on a specific version of the CDP using something similar to `org.seleniumhq.selenium:selenium-devtools-v86:4.25.0` where the version ("v86") matches the version of the chromium-based browser you're using and the version number of the artifact is the same as Selenium's.
]]></system-err>
  </testcase>
  <testcase name="tc_25_VerifyScrollUpUsingArrowButton" classname="regression.AutomationExerciseTestCases" time="20.703">
    <system-out><![CDATA[Capturing screenshot for test: tc_24_DownloadInvoiceAfterPurchaseOrder
Screenshot saved to: C:\Users\AcerPredator\Downloads\automation-exercise-framework (11)\automation-exercise-framework\Reports\REGRESSION_CHROME\img-src\tc_24_DownloadInvoiceAfterPurchaseOrder_2026_07_28__01_59_47_906.png
]]></system-out>
    <system-err><![CDATA[Jul 28, 2026 1:59:48 AM org.openqa.selenium.devtools.CdpVersionFinder findNearestMatch
WARNING: Unable to find CDP implementation matching 150
Jul 28, 2026 1:59:48 AM org.openqa.selenium.chromium.ChromiumDriver lambda$new$5
WARNING: Unable to find version of CDP to use for 150.0.7871.182. You may need to include a dependency on a specific version of the CDP using something similar to `org.seleniumhq.selenium:selenium-devtools-v86:4.25.0` where the version ("v86") matches the version of the chromium-based browser you're using and the version number of the artifact is the same as Selenium's.
]]></system-err>
  </testcase>
  <testcase name="tc_26_VerifyScrollUpWithoutArrowButton" classname="regression.AutomationExerciseTestCases" time="20.156">
    <system-out><![CDATA[Capturing screenshot for test: tc_25_VerifyScrollUpUsingArrowButton
Screenshot saved to: C:\Users\AcerPredator\Downloads\automation-exercise-framework (11)\automation-exercise-framework\Reports\REGRESSION_CHROME\img-src\tc_25_VerifyScrollUpUsingArrowButton_2026_07_28__02_00_31_537.png
]]></system-out>
    <system-err><![CDATA[Jul 28, 2026 2:00:32 AM org.openqa.selenium.devtools.CdpVersionFinder findNearestMatch
WARNING: Unable to find CDP implementation matching 150
Jul 28, 2026 2:00:32 AM org.openqa.selenium.chromium.ChromiumDriver lambda$new$5
WARNING: Unable to find version of CDP to use for 150.0.7871.182. You may need to include a dependency on a specific version of the CDP using something similar to `org.seleniumhq.selenium:selenium-devtools-v86:4.25.0` where the version ("v86") matches the version of the chromium-based browser you're using and the version number of the artifact is the same as Selenium's.
]]></system-err>
  </testcase>
</testsuite>