<?xml version="1.0" encoding="UTF-8"?>
<!-- Generated by org.testng.reporters.JUnitXMLReporter -->
<testsuite ignored="0" hostname="LAPTOP-OGN6361N" failures="0" tests="26" name="Automation Exercise Test Cases 1 to 26" time="2401.793" errors="0" timestamp="2026-07-28T02:01:14 PST">
  <testcase classname="regression.AutomationExerciseTestCases" name="tc_01_RegisterUser" time="130.341"/>
  <testcase classname="regression.AutomationExerciseTestCases" name="tc_02_LoginUserWithCorrectEmailAndPassword" time="140.744"/>
  <testcase classname="regression.AutomationExerciseTestCases" name="tc_03_LoginUserWithIncorrectEmailAndPassword" time="23.339"/>
  <testcase classname="regression.AutomationExerciseTestCases" name="tc_04_LogoutUser" time="157.701"/>
  <testcase classname="regression.AutomationExerciseTestCases" name="tc_05_RegisterUserWithExistingEmail" time="121.215"/>
  <testcase classname="regression.AutomationExerciseTestCases" name="tc_06_ContactUsForm" time="44.853"/>
  <testcase classname="regression.AutomationExerciseTestCases" name="tc_07_VerifyTestCasesPage" time="22.227"/>
  <testcase classname="regression.AutomationExerciseTestCases" name="tc_08_VerifyAllProductsAndProductDetailPage" time="47.893"/>
  <testcase classname="regression.AutomationExerciseTestCases" name="tc_09_SearchProduct" time="24.539"/>
  <testcase classname="regression.AutomationExerciseTestCases" name="tc_10_VerifySubscriptionInHomePage" time="20.345"/>
  <testcase classname="regression.AutomationExerciseTestCases" name="tc_11_VerifySubscriptionInCartPage" time="22.234"/>
  <testcase classname="regression.AutomationExerciseTestCases" name="tc_12_AddProductsInCart" time="29.64"/>
  <testcase classname="regression.AutomationExerciseTestCases" name="tc_13_VerifyProductQuantityInCart" time="44.016"/>
  <testcase classname="regression.AutomationExerciseTestCases" name="tc_14_PlaceOrderRegisterWhileCheckout" time="167.698"/>
  <testcase classname="regression.AutomationExerciseTestCases" name="tc_15_PlaceOrderRegisterBeforeCheckout" time="119.478"/>
  <testcase classname="regression.AutomationExerciseTestCases" name="tc_16_PlaceOrderLoginBeforeCheckout" time="162.667"/>
  <testcase classname="regression.AutomationExerciseTestCases" name="tc_17_RemoveProductsFromCart" time="24.632"/>
  <testcase classname="regression.AutomationExerciseTestCases" name="tc_18_ViewCategoryProducts" time="14.841"/>
  <testcase classname="regression.AutomationExerciseTestCases" name="tc_19_ViewAndCartBrandProducts" time="6.55"/>
  <testcase classname="regression.AutomationExerciseTestCases" name="tc_20_SearchProductsAndVerifyCartAfterLogin" time="141.762"/>
  <testcase classname="regression.AutomationExerciseTestCases" name="tc_21_AddReviewOnProduct" time="8.451"/>
  <testcase classname="regression.AutomationExerciseTestCases" name="tc_22_AddToCartFromRecommendedItems" time="23.282"/>
  <testcase classname="regression.AutomationExerciseTestCases" name="tc_23_VerifyAddressDetailsInCheckoutPage" time="120.685"/>
  <testcase classname="regression.AutomationExerciseTestCases" name="tc_24_DownloadInvoiceAfterPurchaseOrder" time="141.733"/>
  <testcase classname="regression.AutomationExerciseTestCases" name="tc_25_VerifyScrollUpUsingArrowButton" time="20.703"/>
  <testcase classname="regression.AutomationExerciseTestCases" name="tc_26_VerifyScrollUpWithoutArrowButton" time="20.156"/>
</testsuite> <!-- Automation Exercise Test Cases 1 to 26 -->
